<?xml version="1.0" encoding="UTF-8"?>
<testng-results skipped="0" failed="0" ignored="0" total="1" passed="1">
  <reporter-output>
  </reporter-output>
  <suite name="Default suite" duration-ms="3685" started-at="2021-04-06T12:11:10 IST" finished-at="2021-04-06T12:11:13 IST">
    <groups>
    </groups>
    <test name="Default test" duration-ms="3685" started-at="2021-04-06T12:11:10 IST" finished-at="2021-04-06T12:11:13 IST">
      <class name="com.rmg.apitest.PathParameter">
        <test-method status="PASS" signature="getProject()[pri:0, instance:com.rmg.apitest.PathParameter@26aa12dd]" name="getProject" duration-ms="3596" started-at="2021-04-06T12:11:10 IST" finished-at="2021-04-06T12:11:13 IST">
          <reporter-output>
          </reporter-output>
        </test-method> <!-- getProject -->
      </class> <!-- com.rmg.apitest.PathParameter -->
    </test> <!-- Default test -->
  </suite> <!-- Default suite -->
</testng-results>
